<?xml version="1.0" encoding="UTF-8"?>
<!-- Generated by org.testng.reporters.JUnitReportReporter -->
<testsuite hostname="DESKTOP-PIAIMF4" failures="0" tests="1" name="com.Ecommerce.E2EFlowTest" time="29.776" errors="0" timestamp="2025-04-24T14:58:13 IST" skipped="0">
  <testcase classname="com.Ecommerce.E2EFlowTest" name="userJourneyTest" time="29.776"/>
</testsuite> <!-- com.Ecommerce.E2EFlowTest -->
