<?xml version="1.0" encoding="UTF-8"?>
<!-- Generated by org.testng.reporters.JUnitReportReporter -->
<testsuite hostname="DESKTOP-PIAIMF4" failures="0" tests="1" name="com.APItests.UpdateUser" time="1.422" errors="0" timestamp="2025-04-23T12:42:17 IST" skipped="0">
  <testcase classname="com.APItests.UpdateUser" name="patch_req" time="1.422"/>
  <system-out/>
</testsuite> <!-- com.APItests.UpdateUser -->
