<?xml version="1.0" encoding="UTF-8"?>
<!-- Generated by org.testng.reporters.JUnitReportReporter -->
<testsuite hostname="DESKTOP-PIAIMF4" failures="0" tests="1" name="com.OrangeHRM.Scenario2.LoginTest" time="0.878" errors="0" timestamp="2025-04-23T17:45:30 IST" skipped="0">
  <testcase classname="com.OrangeHRM.Scenario2.LoginTest" name="testvalidlogin" time="0.878"/>
</testsuite> <!-- com.OrangeHRM.Scenario2.LoginTest -->
