<?xml version="1.0" encoding="UTF-8"?>
<!-- Generated by org.testng.reporters.JUnitReportReporter -->
<testsuite hostname="DESKTOP-PIAIMF4" failures="0" tests="5" name="com.OrangeHRM.Scenario1.LogintoOhrm" time="21.376" errors="0" timestamp="2025-04-23T16:34:01 IST" skipped="0">
  <testcase classname="com.OrangeHRM.Scenario1.LogintoOhrm" name="loginToHRM" time="3.970"/>
  <testcase classname="com.OrangeHRM.Scenario1.LogintoOhrm" name="loginToHRM" time="4.993"/>
  <testcase classname="com.OrangeHRM.Scenario1.LogintoOhrm" name="loginToHRM" time="4.761"/>
  <testcase classname="com.OrangeHRM.Scenario1.LogintoOhrm" name="loginToHRM" time="3.552"/>
  <testcase classname="com.OrangeHRM.Scenario1.LogintoOhrm" name="loginToHRM" time="4.100"/>
</testsuite> <!-- com.OrangeHRM.Scenario1.LogintoOhrm -->
