<?xml version="1.0" encoding="UTF-8"?>
<!-- Generated by org.testng.reporters.JUnitReportReporter -->
<testsuite hostname="DESKTOP-PIAIMF4" failures="0" tests="1" name="com.APItests.LoginUser" time="1.421" errors="0" timestamp="2025-04-23T12:42:17 IST" skipped="0">
  <testcase classname="com.APItests.LoginUser" name="login_post_req" time="1.421"/>
  <system-out/>
</testsuite> <!-- com.APItests.LoginUser -->
