<?xml version="1.0" encoding="UTF-8"?>
<!-- Generated by org.testng.reporters.JUnitReportReporter -->
<testsuite hostname="DESKTOP-PIAIMF4" failures="0" tests="4" name="com.OrangeHRM.Scenario2.AdminTest" time="16.938" errors="0" timestamp="2025-04-24T01:20:30 IST" skipped="0">
  <testcase classname="com.OrangeHRM.Scenario2.AdminTest" name="testMenuOptionsCountAndClickAdmin" time="3.323"/>
  <testcase classname="com.OrangeHRM.Scenario2.AdminTest" name="testSearchByUsername" time="11.290"/>
  <testcase classname="com.OrangeHRM.Scenario2.AdminTest" name="testSearchByUserRole" time="1.471"/>
  <testcase classname="com.OrangeHRM.Scenario2.AdminTest" name="testSearchByStatus" time="0.854"/>
</testsuite> <!-- com.OrangeHRM.Scenario2.AdminTest -->
