<?xml version="1.0" encoding="UTF-8"?>
<!-- Generated by org.testng.reporters.JUnitReportReporter -->
<testsuite hostname="DESKTOP-PIAIMF4" failures="0" tests="1" name="com.APItests.add_user" time="5.153" errors="0" timestamp="2025-04-23T12:57:23 IST" skipped="0">
  <testcase classname="com.APItests.add_user" name="addUser" time="5.153"/>
  <system-out/>
</testsuite> <!-- com.APItests.add_user -->
